2021-07-26 13:39:07,051 INFO o.a.j.u.JMeterUtils: Setting Locale to en_EN
2021-07-26 13:39:07,087 INFO o.a.j.JMeter: Loading user properties from: /home/nitin/apache-jmeter-5.3/bin/user.properties
2021-07-26 13:39:07,088 INFO o.a.j.JMeter: Loading system properties from: /home/nitin/apache-jmeter-5.3/bin/system.properties
2021-07-26 13:39:07,092 INFO o.a.j.JMeter: Copyright (c) 1998-2020 The Apache Software Foundation
2021-07-26 13:39:07,094 INFO o.a.j.JMeter: Version 5.3
2021-07-26 13:39:07,094 INFO o.a.j.JMeter: java.version=11.0.11
2021-07-26 13:39:07,094 INFO o.a.j.JMeter: java.vm.name=OpenJDK 64-Bit Server VM
2021-07-26 13:39:07,095 INFO o.a.j.JMeter: os.name=Linux
2021-07-26 13:39:07,095 INFO o.a.j.JMeter: os.arch=amd64
2021-07-26 13:39:07,095 INFO o.a.j.JMeter: os.version=5.8.0-63-generic
2021-07-26 13:39:07,095 INFO o.a.j.JMeter: file.encoding=UTF-8
2021-07-26 13:39:07,095 INFO o.a.j.JMeter: java.awt.headless=null
2021-07-26 13:39:07,095 INFO o.a.j.JMeter: Max memory     =1073741824
2021-07-26 13:39:07,095 INFO o.a.j.JMeter: Available Processors =8
2021-07-26 13:39:07,114 INFO o.a.j.JMeter: Default Locale=English (EN)
2021-07-26 13:39:07,114 INFO o.a.j.JMeter: JMeter  Locale=English (EN)
2021-07-26 13:39:07,115 INFO o.a.j.JMeter: JMeterHome=/home/nitin/apache-jmeter-5.3
2021-07-26 13:39:07,115 INFO o.a.j.JMeter: user.dir  =/home/nitin/javascript_ws/session
2021-07-26 13:39:07,115 INFO o.a.j.JMeter: PWD       =/home/nitin/javascript_ws/session
2021-07-26 13:39:07,214 INFO o.a.j.JMeter: IP: 192.168.1.6 Name: dell FullName: dell
2021-07-26 13:39:07,854 INFO o.a.j.JMeter: Setting LAF to: com.github.weisj.darklaf.DarkLaf:com.github.weisj.darklaf.theme.DarculaTheme
2021-07-26 13:39:08,354 INFO o.a.j.JMeter: Loaded icon properties from org/apache/jmeter/images/icon.properties
2021-07-26 13:39:14,085 INFO o.a.j.s.FileServer: Default base='/home/nitin/javascript_ws/session'
2021-07-26 13:39:14,090 INFO o.a.j.g.a.Load: Loading file: /home/nitin/python_ws/RPMHTTPRequest.jmx
2021-07-26 13:39:14,091 INFO o.a.j.s.FileServer: Set new base='/home/nitin/python_ws'
2021-07-26 13:39:14,329 INFO o.a.j.s.SaveService: Testplan (JMX) version: 2.2. Testlog (JTL) version: 2.2
2021-07-26 13:39:14,349 INFO o.a.j.s.SaveService: Using SaveService properties version 5.0
2021-07-26 13:39:14,351 INFO o.a.j.s.SaveService: Using SaveService properties file encoding UTF-8
2021-07-26 13:39:14,353 INFO o.a.j.s.SaveService: Loading file: /home/nitin/python_ws/RPMHTTPRequest.jmx
2021-07-26 13:39:14,409 INFO o.a.j.p.h.s.HTTPSamplerBase: Parser for text/html is org.apache.jmeter.protocol.http.parser.LagartoBasedHtmlParser
2021-07-26 13:39:14,409 INFO o.a.j.p.h.s.HTTPSamplerBase: Parser for application/xhtml+xml is org.apache.jmeter.protocol.http.parser.LagartoBasedHtmlParser
2021-07-26 13:39:14,409 INFO o.a.j.p.h.s.HTTPSamplerBase: Parser for application/xml is org.apache.jmeter.protocol.http.parser.LagartoBasedHtmlParser
2021-07-26 13:39:14,409 INFO o.a.j.p.h.s.HTTPSamplerBase: Parser for text/xml is org.apache.jmeter.protocol.http.parser.LagartoBasedHtmlParser
2021-07-26 13:39:14,410 INFO o.a.j.p.h.s.HTTPSamplerBase: Parser for text/vnd.wap.wml is org.apache.jmeter.protocol.http.parser.RegexpHTMLParser
2021-07-26 13:39:14,410 INFO o.a.j.p.h.s.HTTPSamplerBase: Parser for text/css is org.apache.jmeter.protocol.http.parser.CssParser
2021-07-26 13:39:14,445 INFO o.a.j.s.SampleResult: Note: Sample TimeStamps are START times
2021-07-26 13:39:14,445 INFO o.a.j.s.SampleResult: sampleresult.default.encoding is set to ISO-8859-1
2021-07-26 13:39:14,445 INFO o.a.j.s.SampleResult: sampleresult.useNanoTime=true
2021-07-26 13:39:14,445 INFO o.a.j.s.SampleResult: sampleresult.nanoThreadSleep=5000
2021-07-26 13:39:14,666 INFO o.a.j.v.ViewResultsFullVisualizer: Add JavaFX to your Java installation if you want to use renderer: org.apache.jmeter.visualizers.RenderInBrowser
2021-07-26 13:39:14,902 INFO o.a.j.s.FileServer: Set new base='/home/nitin/python_ws'
2021-07-26 13:39:30,784 INFO o.a.j.g.a.Load: Loading file: /home/rpm_test.jmx
2021-07-26 13:39:30,785 INFO o.a.j.s.FileServer: Set new base='/home'
2021-07-26 13:39:30,785 INFO o.a.j.s.SaveService: Loading file: /home/rpm_test.jmx
2021-07-26 13:39:30,785 WARN o.a.j.g.a.Load: Error reading file. java.io.FileNotFoundException: /home/rpm_test.jmx (No such file or directory)
2021-07-26 13:41:14,690 INFO o.a.j.g.a.Load: Loading file: /home/nitin/python_ws/RPMHTTPRequest.jmx
2021-07-26 13:41:14,691 INFO o.a.j.s.FileServer: Set new base='/home/nitin/python_ws'
2021-07-26 13:41:14,691 INFO o.a.j.s.SaveService: Loading file: /home/nitin/python_ws/RPMHTTPRequest.jmx
2021-07-26 13:41:14,716 INFO o.a.j.v.ViewResultsFullVisualizer: Add JavaFX to your Java installation if you want to use renderer: org.apache.jmeter.visualizers.RenderInBrowser
2021-07-26 13:41:14,766 INFO o.a.j.s.FileServer: Set new base='/home/nitin/python_ws'
2021-07-26 15:19:37,462 INFO o.a.j.e.StandardJMeterEngine: Running the test!
2021-07-26 15:19:37,463 INFO o.a.j.s.SampleEvent: List of sample_variables: []
2021-07-26 15:19:37,464 INFO o.a.j.s.SampleEvent: List of sample_variables: []
2021-07-26 15:19:37,465 INFO o.a.j.e.u.CompoundVariable: Note: Function class names must contain the string: '.functions.'
2021-07-26 15:19:37,466 INFO o.a.j.e.u.CompoundVariable: Note: Function class names must not contain the string: '.gui.'
2021-07-26 15:19:37,699 INFO o.a.j.g.u.JMeterMenuBar: setRunning(true, *local*)
2021-07-26 15:19:37,739 INFO o.a.j.e.StandardJMeterEngine: Starting ThreadGroup: 1 : Thread Group
2021-07-26 15:19:37,739 INFO o.a.j.e.StandardJMeterEngine: Starting 2 threads for group Thread Group.
2021-07-26 15:19:37,739 INFO o.a.j.e.StandardJMeterEngine: Thread will continue on error
2021-07-26 15:19:37,740 INFO o.a.j.t.ThreadGroup: Starting thread group... number=1 threads=2 ramp-up=0 delayedStart=false
2021-07-26 15:19:37,743 INFO o.a.j.t.ThreadGroup: Started thread group number 1
2021-07-26 15:19:37,743 INFO o.a.j.e.StandardJMeterEngine: All thread groups have been started
2021-07-26 15:19:37,745 INFO o.a.j.t.JMeterThread: Thread started: Thread Group 1-2
2021-07-26 15:19:37,745 INFO o.a.j.t.JMeterThread: Thread started: Thread Group 1-1
2021-07-26 15:19:37,747 INFO o.a.j.s.FileServer: Stored: /home/nitin/jmeter_ws/test.csv
2021-07-26 15:19:37,766 INFO o.a.j.p.h.s.HTTPHCAbstractImpl: Local host = dell
2021-07-26 15:19:37,777 INFO o.a.j.p.h.s.HTTPHC4Impl: HTTP request retry count = 0
2021-07-26 15:19:37,904 INFO o.a.j.t.JMeterThread: Thread is done: Thread Group 1-1
2021-07-26 15:19:37,904 INFO o.a.j.t.JMeterThread: Thread is done: Thread Group 1-2
2021-07-26 15:19:37,904 INFO o.a.j.t.JMeterThread: Thread finished: Thread Group 1-1
2021-07-26 15:19:37,904 INFO o.a.j.t.JMeterThread: Thread finished: Thread Group 1-2
2021-07-26 15:19:37,905 INFO o.a.j.e.StandardJMeterEngine: Notifying test listeners of end of test
2021-07-26 15:19:37,905 INFO o.a.j.s.FileServer: Close: /home/nitin/jmeter_ws/test.csv
2021-07-26 15:19:37,906 INFO o.a.j.g.u.JMeterMenuBar: setRunning(false, *local*)
